<?xml version="1.0" encoding="UTF-8"?>
<!-- Generated by org.testng.reporters.JUnitReportReporter -->
<testsuite hostname="LAPTOP-E06RK7S2" failures="0" tests="3" name="allureReports.Tests" time="1.048" errors="0" timestamp="2022-07-26T23:50:26 EDT" skipped="1">
  <testcase classname="allureReports.Tests" name="logoPresence" time="0.362"/>
  <system-out/>
  <testcase classname="allureReports.Tests" name="login" time="0.674"/>
  <system-out/>
  <testcase classname="allureReports.Tests" name="register" time="0.012">
    <skipped/>
  </testcase> <!-- register -->
  <system-out/>
</testsuite> <!-- allureReports.Tests -->
